# JRE version: Java(TM) SE Runtime Environment (12.0.2+10) (build 12.0.2+10)
# Java VM: Java HotSpot(TM) 64-Bit Server VM (12.0.2+10, mixed mode, sharing, tiered, compressed oops, g1 gc, windows-amd64)
Heap:
 garbage-first heap   total 79872K, used 58967K [0x0000000081600000, 0x0000000100000000)
  region size 1024K, 25 young (25600K), 1 survivors (1024K)
 Metaspace       used 61634K, capacity 63540K, committed 63692K, reserved 1103872K
  class space    used 8498K, capacity 9196K, committed 9216K, reserved 1048576K
GC Heap History (10 events):
Event: 20.196 GC heap before
{Heap before GC invocations=29 (full 0):
 garbage-first heap   total 79872K, used 64864K [0x0000000081600000, 0x0000000100000000)
  region size 1024K, 31 young (31744K), 4 survivors (4096K)
 Metaspace       used 57673K, capacity 59425K, committed 59596K, reserved 1099776K
  class space    used 7957K, capacity 8624K, committed 8704K, reserved 1048576K
}
Event: 20.202 GC heap after
{Heap after GC invocations=30 (full 0):
 garbage-first heap   total 79872K, used 37908K [0x0000000081600000, 0x0000000100000000)
  region size 1024K, 3 young (3072K), 3 survivors (3072K)
 Metaspace       used 57673K, capacity 59425K, committed 59596K, reserved 1099776K
  class space    used 7957K, capacity 8624K, committed 8704K, reserved 1048576K
}
Event: 20.618 GC heap before
{Heap before GC invocations=30 (full 0):
 garbage-first heap   total 79872K, used 65556K [0x0000000081600000, 0x0000000100000000)
  region size 1024K, 30 young (30720K), 3 survivors (3072K)
 Metaspace       used 57739K, capacity 59525K, committed 59596K, reserved 1099776K
  class space    used 7966K, capacity 8633K, committed 8704K, reserved 1048576K
}
Event: 20.623 GC heap after
{Heap after GC invocations=31 (full 0):
 garbage-first heap   total 79872K, used 38392K [0x0000000081600000, 0x0000000100000000)
  region size 1024K, 2 young (2048K), 2 survivors (2048K)
 Metaspace       used 57739K, capacity 59525K, committed 59596K, reserved 1099776K
  class space    used 7966K, capacity 8633K, committed 8704K, reserved 1048576K
}
Event: 20.918 GC heap before
{Heap before GC invocations=31 (full 0):
 garbage-first heap   total 79872K, used 54776K [0x0000000081600000, 0x0000000100000000)
  region size 1024K, 19 young (19456K), 2 survivors (2048K)
 Metaspace       used 58320K, capacity 60089K, committed 60236K, reserved 1101824K
  class space    used 8049K, capacity 8714K, committed 8832K, reserved 1048576K
}
Event: 20.921 GC heap after
{Heap after GC invocations=32 (full 0):
 garbage-first heap   total 79872K, used 38538K [0x0000000081600000, 0x0000000100000000)
  region size 1024K, 2 young (2048K), 2 survivors (2048K)
 Metaspace       used 58320K, capacity 60089K, committed 60236K, reserved 1101824K
  class space    used 8049K, capacity 8714K, committed 8832K, reserved 1048576K
}
Event: 71.714 GC heap before
{Heap before GC invocations=33 (full 0):
 garbage-first heap   total 79872K, used 66186K [0x0000000081600000, 0x0000000100000000)
  region size 1024K, 29 young (29696K), 2 survivors (2048K)
 Metaspace       used 58908K, capacity 60712K, committed 60748K, reserved 1101824K
  class space    used 8143K, capacity 8815K, committed 8832K, reserved 1048576K
}
Event: 71.719 GC heap after
{Heap after GC invocations=34 (full 0):
 garbage-first heap   total 79872K, used 39291K [0x0000000081600000, 0x0000000100000000)
  region size 1024K, 3 young (3072K), 3 survivors (3072K)
 Metaspace       used 58908K, capacity 60712K, committed 60748K, reserved 1101824K
  class space    used 8143K, capacity 8815K, committed 8832K, reserved 1048576K
}
Event: 71.764 GC heap before
{Heap before GC invocations=34 (full 0):
 garbage-first heap   total 79872K, used 39291K [0x0000000081600000, 0x0000000100000000)
  region size 1024K, 4 young (4096K), 3 survivors (3072K)
 Metaspace       used 59044K, capacity 60840K, committed 61004K, reserved 1101824K
  class space    used 8161K, capacity 8815K, committed 8832K, reserved 1048576K
}
Event: 71.774 GC heap after
{Heap after GC invocations=35 (full 0):
 garbage-first heap   total 79872K, used 36439K [0x0000000081600000, 0x0000000100000000)
  region size 1024K, 1 young (1024K), 1 survivors (1024K)
 Metaspace       used 59044K, capacity 60840K, committed 61004K, reserved 1101824K
  class space    used 8161K, capacity 8815K, committed 8832K, reserved 1048576K
}

